c:\users\caixa\desktop\personal\g5_git\src\decisionmaking\release\vc143.pdb
c:\users\caixa\desktop\personal\g5_git\src\decisionmaking\release\range.obj
c:\users\caixa\desktop\personal\g5_git\src\decisionmaking\release\preflopparams.obj
c:\users\caixa\desktop\personal\g5_git\src\decisionmaking\release\preflopequity.obj
c:\users\caixa\desktop\personal\g5_git\src\decisionmaking\release\pot.obj
c:\users\caixa\desktop\personal\g5_git\src\decisionmaking\release\postflopparams.obj
c:\users\caixa\desktop\personal\g5_git\src\decisionmaking\release\playermodel.obj
c:\users\caixa\desktop\personal\g5_git\src\decisionmaking\release\handstrengthcounter.obj
c:\users\caixa\desktop\personal\g5_git\src\decisionmaking\release\handstrength.obj
c:\users\caixa\desktop\personal\g5_git\src\decisionmaking\release\gamestate.obj
c:\users\caixa\desktop\personal\g5_git\src\decisionmaking\release\gamecontext.obj
c:\users\caixa\desktop\personal\g5_git\src\decisionmaking\release\forexport.obj
c:\users\caixa\desktop\personal\g5_git\src\decisionmaking\release\dllmain.obj
c:\users\caixa\desktop\personal\g5_git\src\decisionmaking\release\common.obj
c:\users\caixa\desktop\personal\g5_git\src\decisionmaking\release\card.obj
c:\users\caixa\desktop\personal\g5_git\src\decisionmaking\release\allhandstrengths.obj
c:\users\caixa\desktop\personal\g5_git\src\decisionmaking\release\allcounters.obj
c:\users\caixa\desktop\personal\g5_git\src\decisionmaking\release\decisionmaking.tlog\cl.command.1.tlog
c:\users\caixa\desktop\personal\g5_git\src\decisionmaking\release\decisionmaking.tlog\cl.read.1.tlog
c:\users\caixa\desktop\personal\g5_git\src\decisionmaking\release\decisionmaking.tlog\cl.write.1.tlog
