  AllCounters.cpp
  AllHandStrengths.cpp
  Card.cpp
  Common.cpp
  GameContext.cpp
  GameState.cpp
  HandStrength.cpp
  HandStrengthCounter.cpp
  PlayerModel.cpp
  PostFlopParams.cpp
  PreFlopEquity.cpp
  PreFlopParams.cpp
  Range.cpp
  G5_OH_Bridge.cpp
  OpenHoldemFunctions.cpp
C:\Users\Caixa\Desktop\personal\g5_git\src\G5_OH_Bridge\OpenHoldemFunctions.cpp(157,18): warning C4229: anacronismo usado: modificadores em dados são ignorados
     Criando biblioteca C:\Users\Caixa\Desktop\personal\g5_git\src\Release\G5_OH_Bridge.lib e objeto C:\Users\Caixa\Desktop\personal\g5_git\src\Release\G5_OH_Bridge.exp
  Gerando código
  Previous IPDB not found, fall back to full compilation.
  All 698 functions were compiled because no usable IPDB/IOBJ from previous compilation was found.
  Finalizada a geração de código
  G5_OH_Bridge.vcxproj -> C:\Users\Caixa\Desktop\personal\g5_git\src\Release\G5_OH_Bridge.dll
