c:\users\caixa\desktop\personal\g5_git\src\g5_oh_bridge\release\vc143.pdb
c:\users\caixa\desktop\personal\g5_git\src\g5_oh_bridge\release\openholdemfunctions.obj
c:\users\caixa\desktop\personal\g5_git\src\g5_oh_bridge\release\g5_oh_bridge.obj
c:\users\caixa\desktop\personal\g5_git\src\g5_oh_bridge\release\range.obj
c:\users\caixa\desktop\personal\g5_git\src\g5_oh_bridge\release\preflopparams.obj
c:\users\caixa\desktop\personal\g5_git\src\g5_oh_bridge\release\preflopequity.obj
c:\users\caixa\desktop\personal\g5_git\src\g5_oh_bridge\release\postflopparams.obj
c:\users\caixa\desktop\personal\g5_git\src\g5_oh_bridge\release\playermodel.obj
c:\users\caixa\desktop\personal\g5_git\src\g5_oh_bridge\release\handstrengthcounter.obj
c:\users\caixa\desktop\personal\g5_git\src\g5_oh_bridge\release\handstrength.obj
c:\users\caixa\desktop\personal\g5_git\src\g5_oh_bridge\release\gamestate.obj
c:\users\caixa\desktop\personal\g5_git\src\g5_oh_bridge\release\gamecontext.obj
c:\users\caixa\desktop\personal\g5_git\src\g5_oh_bridge\release\common.obj
c:\users\caixa\desktop\personal\g5_git\src\g5_oh_bridge\release\card.obj
c:\users\caixa\desktop\personal\g5_git\src\g5_oh_bridge\release\allhandstrengths.obj
c:\users\caixa\desktop\personal\g5_git\src\g5_oh_bridge\release\allcounters.obj
c:\users\caixa\desktop\personal\g5_git\src\release\g5_oh_bridge.dll
c:\users\caixa\desktop\personal\g5_git\src\release\g5_oh_bridge.pdb
c:\users\caixa\desktop\personal\g5_git\src\release\g5_oh_bridge.lib
c:\users\caixa\desktop\personal\g5_git\src\release\g5_oh_bridge.exp
c:\users\caixa\desktop\personal\g5_git\src\g5_oh_bridge\release\g5_oh_bridge.ipdb
c:\users\caixa\desktop\personal\g5_git\src\g5_oh_bridge\release\g5_oh_bridge.iobj
c:\users\caixa\desktop\personal\g5_git\src\g5_oh_bridge\release\g5_oh_bridge.tlog\cl.command.1.tlog
c:\users\caixa\desktop\personal\g5_git\src\g5_oh_bridge\release\g5_oh_bridge.tlog\cl.items.tlog
c:\users\caixa\desktop\personal\g5_git\src\g5_oh_bridge\release\g5_oh_bridge.tlog\cl.read.1.tlog
c:\users\caixa\desktop\personal\g5_git\src\g5_oh_bridge\release\g5_oh_bridge.tlog\cl.write.1.tlog
c:\users\caixa\desktop\personal\g5_git\src\g5_oh_bridge\release\g5_oh_bridge.tlog\link.command.1.tlog
c:\users\caixa\desktop\personal\g5_git\src\g5_oh_bridge\release\g5_oh_bridge.tlog\link.read.1.tlog
c:\users\caixa\desktop\personal\g5_git\src\g5_oh_bridge\release\g5_oh_bridge.tlog\link.secondary.1.tlog
c:\users\caixa\desktop\personal\g5_git\src\g5_oh_bridge\release\g5_oh_bridge.tlog\link.write.1.tlog
